2025-01-09 21:52:36 0 [Note] Starting MariaDB 10.4.32-MariaDB source revision c4143f909528e3fab0677a28631d10389354c491 as process 7176
2025-01-09 21:52:36 0 [Note] InnoDB: Mutexes and rw_locks use Windows interlocked functions
2025-01-09 21:52:36 0 [Note] InnoDB: Uses event mutexes
2025-01-09 21:52:36 0 [Note] InnoDB: Compressed tables use zlib 1.3
2025-01-09 21:52:36 0 [Note] InnoDB: Number of pools: 1
2025-01-09 21:52:36 0 [Note] InnoDB: Using SSE2 crc32 instructions
2025-01-09 21:52:36 0 [Note] InnoDB: Initializing buffer pool, total size = 16M, instances = 1, chunk size = 16M
2025-01-09 21:52:36 0 [Note] InnoDB: Completed initialization of buffer pool
2025-01-09 21:52:36 0 [Note] InnoDB: Starting crash recovery from checkpoint LSN=300288
2025-01-09 21:52:36 0 [Note] InnoDB: 128 out of 128 rollback segments are active.
2025-01-09 21:52:36 0 [Note] InnoDB: Removed temporary tablespace data file: "ibtmp1"
2025-01-09 21:52:36 0 [Note] InnoDB: Creating shared tablespace for temporary tables
2025-01-09 21:52:36 0 [Note] InnoDB: Setting file 'C:\xampp\mysql\data\ibtmp1' size to 12 MB. Physically writing the file full; Please wait ...
2025-01-09 21:52:36 0 [Note] InnoDB: File 'C:\xampp\mysql\data\ibtmp1' size is now 12 MB.
2025-01-09 21:52:36 0 [Note] InnoDB: Waiting for purge to start
2025-01-09 21:52:36 0 [Note] InnoDB: 10.4.32 started; log sequence number 300297; transaction id 170
2025-01-09 21:52:36 0 [Note] InnoDB: Loading buffer pool(s) from C:\xampp\mysql\data\ib_buffer_pool
2025-01-09 21:52:36 0 [Note] Plugin 'FEEDBACK' is disabled.
2025-01-09 21:52:36 0 [Note] Server socket created on IP: '::'.
2025-01-09 22:04:19 0 [Note] Starting MariaDB 10.4.32-MariaDB source revision c4143f909528e3fab0677a28631d10389354c491 as process 4564
2025-01-09 22:04:20 0 [Note] InnoDB: Mutexes and rw_locks use Windows interlocked functions
2025-01-09 22:04:20 0 [Note] InnoDB: Uses event mutexes
2025-01-09 22:04:20 0 [Note] InnoDB: Compressed tables use zlib 1.3
2025-01-09 22:04:20 0 [Note] InnoDB: Number of pools: 1
2025-01-09 22:04:20 0 [Note] InnoDB: Using SSE2 crc32 instructions
2025-01-09 22:04:20 0 [Note] InnoDB: Initializing buffer pool, total size = 16M, instances = 1, chunk size = 16M
2025-01-09 22:04:20 0 [Note] InnoDB: Completed initialization of buffer pool
2025-01-09 22:04:20 0 [Note] InnoDB: Starting crash recovery from checkpoint LSN=494683
2025-01-09 22:04:20 0 [Note] InnoDB: 128 out of 128 rollback segments are active.
2025-01-09 22:04:20 0 [Note] InnoDB: Removed temporary tablespace data file: "ibtmp1"
2025-01-09 22:04:20 0 [Note] InnoDB: Creating shared tablespace for temporary tables
2025-01-09 22:04:20 0 [Note] InnoDB: Setting file 'C:\xampp\mysql\data\ibtmp1' size to 12 MB. Physically writing the file full; Please wait ...
2025-01-09 22:04:20 0 [Note] InnoDB: File 'C:\xampp\mysql\data\ibtmp1' size is now 12 MB.
2025-01-09 22:04:20 0 [Note] InnoDB: Waiting for purge to start
2025-01-09 22:04:20 0 [Note] InnoDB: 10.4.32 started; log sequence number 494692; transaction id 459
2025-01-09 22:04:20 0 [Note] InnoDB: Loading buffer pool(s) from C:\xampp\mysql\data\ib_buffer_pool
2025-01-09 22:04:20 0 [Note] Plugin 'FEEDBACK' is disabled.
2025-01-09 22:04:20 0 [Note] Server socket created on IP: '::'.
2025-01-11 10:22:48 0 [Note] Starting MariaDB 10.4.32-MariaDB source revision c4143f909528e3fab0677a28631d10389354c491 as process 9900
2025-01-11 10:22:48 0 [Note] InnoDB: Mutexes and rw_locks use Windows interlocked functions
2025-01-11 10:22:48 0 [Note] InnoDB: Uses event mutexes
2025-01-11 10:22:48 0 [Note] InnoDB: Compressed tables use zlib 1.3
2025-01-11 10:22:48 0 [Note] InnoDB: Number of pools: 1
2025-01-11 10:22:48 0 [Note] InnoDB: Using SSE2 crc32 instructions
2025-01-11 10:22:48 0 [Note] InnoDB: Initializing buffer pool, total size = 16M, instances = 1, chunk size = 16M
2025-01-11 10:22:48 0 [Note] InnoDB: Completed initialization of buffer pool
2025-01-11 10:22:48 0 [Note] InnoDB: Starting crash recovery from checkpoint LSN=495880
2025-01-11 10:22:48 0 [Note] InnoDB: 128 out of 128 rollback segments are active.
2025-01-11 10:22:48 0 [Note] InnoDB: Removed temporary tablespace data file: "ibtmp1"
2025-01-11 10:22:48 0 [Note] InnoDB: Creating shared tablespace for temporary tables
2025-01-11 10:22:48 0 [Note] InnoDB: Setting file 'C:\xampp\mysql\data\ibtmp1' size to 12 MB. Physically writing the file full; Please wait ...
2025-01-11 10:22:48 0 [Note] InnoDB: File 'C:\xampp\mysql\data\ibtmp1' size is now 12 MB.
2025-01-11 10:22:48 0 [Note] InnoDB: Waiting for purge to start
2025-01-11 10:22:48 0 [Note] InnoDB: 10.4.32 started; log sequence number 495889; transaction id 486
2025-01-11 10:22:48 0 [Note] Plugin 'FEEDBACK' is disabled.
2025-01-11 10:22:48 0 [Note] InnoDB: Loading buffer pool(s) from C:\xampp\mysql\data\ib_buffer_pool
2025-01-11 10:22:48 0 [Note] InnoDB: Buffer pool(s) load completed at 250111 10:22:48
2025-01-11 10:22:48 0 [Note] Server socket created on IP: '::'.
2025-01-11 10:35:28 0 [Note] Starting MariaDB 10.4.32-MariaDB source revision c4143f909528e3fab0677a28631d10389354c491 as process 16132
2025-01-11 10:35:28 0 [Note] InnoDB: Mutexes and rw_locks use Windows interlocked functions
2025-01-11 10:35:28 0 [Note] InnoDB: Uses event mutexes
2025-01-11 10:35:28 0 [Note] InnoDB: Compressed tables use zlib 1.3
2025-01-11 10:35:28 0 [Note] InnoDB: Number of pools: 1
2025-01-11 10:35:28 0 [Note] InnoDB: Using SSE2 crc32 instructions
2025-01-11 10:35:28 0 [Note] InnoDB: Initializing buffer pool, total size = 16M, instances = 1, chunk size = 16M
2025-01-11 10:35:28 0 [Note] InnoDB: Completed initialization of buffer pool
2025-01-11 10:35:28 0 [Note] InnoDB: Starting crash recovery from checkpoint LSN=496663
2025-01-11 10:35:28 0 [Note] InnoDB: 128 out of 128 rollback segments are active.
2025-01-11 10:35:28 0 [Note] InnoDB: Removed temporary tablespace data file: "ibtmp1"
2025-01-11 10:35:28 0 [Note] InnoDB: Creating shared tablespace for temporary tables
2025-01-11 10:35:28 0 [Note] InnoDB: Setting file 'C:\xampp\mysql\data\ibtmp1' size to 12 MB. Physically writing the file full; Please wait ...
2025-01-11 10:35:28 0 [Note] InnoDB: File 'C:\xampp\mysql\data\ibtmp1' size is now 12 MB.
2025-01-11 10:35:28 0 [Note] InnoDB: Waiting for purge to start
2025-01-11 10:35:28 0 [Note] InnoDB: 10.4.32 started; log sequence number 496672; transaction id 498
2025-01-11 10:35:28 0 [Note] InnoDB: Loading buffer pool(s) from C:\xampp\mysql\data\ib_buffer_pool
2025-01-11 10:35:28 0 [Note] Plugin 'FEEDBACK' is disabled.
2025-01-11 10:35:28 0 [Note] InnoDB: Buffer pool(s) load completed at 250111 10:35:28
2025-01-11 10:35:28 0 [Note] Server socket created on IP: '::'.
2025-01-12 19:52:19 0 [Note] Starting MariaDB 10.4.32-MariaDB source revision c4143f909528e3fab0677a28631d10389354c491 as process 14600
2025-01-12 19:52:19 0 [Note] InnoDB: Mutexes and rw_locks use Windows interlocked functions
2025-01-12 19:52:19 0 [Note] InnoDB: Uses event mutexes
2025-01-12 19:52:19 0 [Note] InnoDB: Compressed tables use zlib 1.3
2025-01-12 19:52:19 0 [Note] InnoDB: Number of pools: 1
2025-01-12 19:52:19 0 [Note] InnoDB: Using SSE2 crc32 instructions
2025-01-12 19:52:19 0 [Note] InnoDB: Initializing buffer pool, total size = 16M, instances = 1, chunk size = 16M
2025-01-12 19:52:19 0 [Note] InnoDB: Completed initialization of buffer pool
2025-01-12 19:52:19 0 [Note] InnoDB: Starting crash recovery from checkpoint LSN=499316
2025-01-12 19:52:19 0 [Note] InnoDB: 128 out of 128 rollback segments are active.
2025-01-12 19:52:19 0 [Note] InnoDB: Removed temporary tablespace data file: "ibtmp1"
2025-01-12 19:52:19 0 [Note] InnoDB: Creating shared tablespace for temporary tables
2025-01-12 19:52:19 0 [Note] InnoDB: Setting file 'C:\xampp\mysql\data\ibtmp1' size to 12 MB. Physically writing the file full; Please wait ...
2025-01-12 19:52:19 0 [Note] InnoDB: File 'C:\xampp\mysql\data\ibtmp1' size is now 12 MB.
2025-01-12 19:52:19 0 [Note] InnoDB: Waiting for purge to start
2025-01-12 19:52:14 0 [Note] InnoDB: 10.4.32 started; log sequence number 499325; transaction id 538
2025-01-12 19:52:14 0 [Note] InnoDB: Loading buffer pool(s) from C:\xampp\mysql\data\ib_buffer_pool
2025-01-12 19:52:14 0 [Note] Plugin 'FEEDBACK' is disabled.
2025-01-12 19:52:14 0 [Note] InnoDB: Buffer pool(s) load completed at 250112 19:52:14
2025-01-12 19:52:14 0 [Note] Server socket created on IP: '::'.
2025-01-12 20:14:32 0 [Note] Starting MariaDB 10.4.32-MariaDB source revision c4143f909528e3fab0677a28631d10389354c491 as process 18020
2025-01-12 20:14:32 0 [Note] InnoDB: Mutexes and rw_locks use Windows interlocked functions
2025-01-12 20:14:32 0 [Note] InnoDB: Uses event mutexes
2025-01-12 20:14:32 0 [Note] InnoDB: Compressed tables use zlib 1.3
2025-01-12 20:14:32 0 [Note] InnoDB: Number of pools: 1
2025-01-12 20:14:32 0 [Note] InnoDB: Using SSE2 crc32 instructions
2025-01-12 20:14:32 0 [Note] InnoDB: Initializing buffer pool, total size = 16M, instances = 1, chunk size = 16M
2025-01-12 20:14:32 0 [Note] InnoDB: Completed initialization of buffer pool
2025-01-12 20:14:32 0 [Note] InnoDB: Starting crash recovery from checkpoint LSN=512487
2025-01-12 20:14:32 0 [Note] InnoDB: 128 out of 128 rollback segments are active.
2025-01-12 20:14:32 0 [Note] InnoDB: Removed temporary tablespace data file: "ibtmp1"
2025-01-12 20:14:32 0 [Note] InnoDB: Creating shared tablespace for temporary tables
2025-01-12 20:14:32 0 [Note] InnoDB: Setting file 'C:\xampp\mysql\data\ibtmp1' size to 12 MB. Physically writing the file full; Please wait ...
2025-01-12 20:14:32 0 [Note] InnoDB: File 'C:\xampp\mysql\data\ibtmp1' size is now 12 MB.
2025-01-12 20:14:32 0 [Note] InnoDB: Waiting for purge to start
2025-01-12 20:14:33 0 [Note] InnoDB: 10.4.32 started; log sequence number 512496; transaction id 608
2025-01-12 20:14:33 0 [Note] InnoDB: Loading buffer pool(s) from C:\xampp\mysql\data\ib_buffer_pool
2025-01-12 20:14:33 0 [Note] Plugin 'FEEDBACK' is disabled.
2025-01-12 20:14:33 0 [Note] InnoDB: Buffer pool(s) load completed at 250112 20:14:33
2025-01-12 20:14:33 0 [Note] Server socket created on IP: '::'.
2025-01-13  8:49:24 0 [Note] Starting MariaDB 10.4.32-MariaDB source revision c4143f909528e3fab0677a28631d10389354c491 as process 2584
2025-01-13  8:49:24 0 [Note] InnoDB: Mutexes and rw_locks use Windows interlocked functions
2025-01-13  8:49:24 0 [Note] InnoDB: Uses event mutexes
2025-01-13  8:49:24 0 [Note] InnoDB: Compressed tables use zlib 1.3
2025-01-13  8:49:24 0 [Note] InnoDB: Number of pools: 1
2025-01-13  8:49:24 0 [Note] InnoDB: Using SSE2 crc32 instructions
2025-01-13  8:49:24 0 [Note] InnoDB: Initializing buffer pool, total size = 16M, instances = 1, chunk size = 16M
2025-01-13  8:49:24 0 [Note] InnoDB: Completed initialization of buffer pool
2025-01-13  8:49:24 0 [Note] InnoDB: Starting crash recovery from checkpoint LSN=558574
2025-01-13  8:49:25 0 [Note] InnoDB: 128 out of 128 rollback segments are active.
2025-01-13  8:49:25 0 [Note] InnoDB: Removed temporary tablespace data file: "ibtmp1"
2025-01-13  8:49:25 0 [Note] InnoDB: Creating shared tablespace for temporary tables
2025-01-13  8:49:25 0 [Note] InnoDB: Setting file 'C:\xampp\mysql\data\ibtmp1' size to 12 MB. Physically writing the file full; Please wait ...
2025-01-13  8:49:25 0 [Note] InnoDB: File 'C:\xampp\mysql\data\ibtmp1' size is now 12 MB.
2025-01-13  8:49:25 0 [Note] InnoDB: Waiting for purge to start
2025-01-13  8:49:25 0 [Note] InnoDB: 10.4.32 started; log sequence number 558583; transaction id 766
2025-01-13  8:49:25 0 [Note] InnoDB: Loading buffer pool(s) from C:\xampp\mysql\data\ib_buffer_pool
2025-01-13  8:49:25 0 [Note] Plugin 'FEEDBACK' is disabled.
2025-01-13  8:49:25 0 [Note] InnoDB: Buffer pool(s) load completed at 250113  8:49:25
2025-01-13  8:49:25 0 [Note] Server socket created on IP: '::'.
2025-01-13  9:59:43 0 [Note] Starting MariaDB 10.4.32-MariaDB source revision c4143f909528e3fab0677a28631d10389354c491 as process 19072
2025-01-13  9:59:43 0 [Note] InnoDB: Mutexes and rw_locks use Windows interlocked functions
2025-01-13  9:59:43 0 [Note] InnoDB: Uses event mutexes
2025-01-13  9:59:43 0 [Note] InnoDB: Compressed tables use zlib 1.3
2025-01-13  9:59:43 0 [Note] InnoDB: Number of pools: 1
2025-01-13  9:59:43 0 [Note] InnoDB: Using SSE2 crc32 instructions
2025-01-13  9:59:43 0 [Note] InnoDB: Initializing buffer pool, total size = 16M, instances = 1, chunk size = 16M
2025-01-13  9:59:43 0 [Note] InnoDB: Completed initialization of buffer pool
2025-01-13  9:59:43 0 [Note] InnoDB: Starting crash recovery from checkpoint LSN=560856
2025-01-13  9:59:43 0 [Note] InnoDB: 128 out of 128 rollback segments are active.
2025-01-13  9:59:43 0 [Note] InnoDB: Removed temporary tablespace data file: "ibtmp1"
2025-01-13  9:59:43 0 [Note] InnoDB: Creating shared tablespace for temporary tables
2025-01-13  9:59:43 0 [Note] InnoDB: Setting file 'C:\xampp\mysql\data\ibtmp1' size to 12 MB. Physically writing the file full; Please wait ...
2025-01-13  9:59:43 0 [Note] InnoDB: File 'C:\xampp\mysql\data\ibtmp1' size is now 12 MB.
2025-01-13  9:59:43 0 [Note] InnoDB: Waiting for purge to start
2025-01-13  9:59:43 0 [Note] InnoDB: 10.4.32 started; log sequence number 560865; transaction id 783
2025-01-13  9:59:43 0 [Note] InnoDB: Loading buffer pool(s) from C:\xampp\mysql\data\ib_buffer_pool
2025-01-13  9:59:43 0 [Note] Plugin 'FEEDBACK' is disabled.
2025-01-13  9:59:43 0 [Note] Server socket created on IP: '::'.
2025-01-13 11:09:23 0 [Note] Starting MariaDB 10.4.32-MariaDB source revision c4143f909528e3fab0677a28631d10389354c491 as process 18044
2025-01-13 11:09:23 0 [Note] InnoDB: Mutexes and rw_locks use Windows interlocked functions
2025-01-13 11:09:23 0 [Note] InnoDB: Uses event mutexes
2025-01-13 11:09:23 0 [Note] InnoDB: Compressed tables use zlib 1.3
2025-01-13 11:09:23 0 [Note] InnoDB: Number of pools: 1
2025-01-13 11:09:23 0 [Note] InnoDB: Using SSE2 crc32 instructions
2025-01-13 11:09:23 0 [Note] InnoDB: Initializing buffer pool, total size = 16M, instances = 1, chunk size = 16M
2025-01-13 11:09:23 0 [Note] InnoDB: Completed initialization of buffer pool
2025-01-13 11:09:23 0 [Note] InnoDB: Starting crash recovery from checkpoint LSN=561012
2025-01-13 11:09:23 0 [Note] InnoDB: 128 out of 128 rollback segments are active.
2025-01-13 11:09:23 0 [Note] InnoDB: Removed temporary tablespace data file: "ibtmp1"
2025-01-13 11:09:23 0 [Note] InnoDB: Creating shared tablespace for temporary tables
2025-01-13 11:09:23 0 [Note] InnoDB: Setting file 'C:\xampp\mysql\data\ibtmp1' size to 12 MB. Physically writing the file full; Please wait ...
2025-01-13 11:09:23 0 [Note] InnoDB: File 'C:\xampp\mysql\data\ibtmp1' size is now 12 MB.
2025-01-13 11:09:23 0 [Note] InnoDB: Waiting for purge to start
2025-01-13 11:09:23 0 [Note] InnoDB: 10.4.32 started; log sequence number 561021; transaction id 783
2025-01-13 11:09:23 0 [Note] Plugin 'FEEDBACK' is disabled.
2025-01-13 11:09:23 0 [Note] InnoDB: Loading buffer pool(s) from C:\xampp\mysql\data\ib_buffer_pool
2025-01-13 11:09:23 0 [Note] InnoDB: Buffer pool(s) load completed at 250113 11:09:23
2025-01-13 11:09:23 0 [Note] Server socket created on IP: '::'.
2025-01-13 21:54:34 0 [Note] Starting MariaDB 10.4.32-MariaDB source revision c4143f909528e3fab0677a28631d10389354c491 as process 18740
2025-01-13 21:54:34 0 [Note] InnoDB: Mutexes and rw_locks use Windows interlocked functions
2025-01-13 21:54:34 0 [Note] InnoDB: Uses event mutexes
2025-01-13 21:54:34 0 [Note] InnoDB: Compressed tables use zlib 1.3
2025-01-13 21:54:34 0 [Note] InnoDB: Number of pools: 1
2025-01-13 21:54:34 0 [Note] InnoDB: Using SSE2 crc32 instructions
2025-01-13 21:54:34 0 [Note] InnoDB: Initializing buffer pool, total size = 16M, instances = 1, chunk size = 16M
2025-01-13 21:54:34 0 [Note] InnoDB: Completed initialization of buffer pool
2025-01-13 21:54:34 0 [Note] InnoDB: Starting crash recovery from checkpoint LSN=561012
2025-01-13 21:54:34 0 [Note] InnoDB: 128 out of 128 rollback segments are active.
2025-01-13 21:54:34 0 [Note] InnoDB: Removed temporary tablespace data file: "ibtmp1"
2025-01-13 21:54:34 0 [Note] InnoDB: Creating shared tablespace for temporary tables
2025-01-13 21:54:34 0 [Note] InnoDB: Setting file 'C:\xampp\mysql\data\ibtmp1' size to 12 MB. Physically writing the file full; Please wait ...
2025-01-13 21:54:34 0 [Note] InnoDB: File 'C:\xampp\mysql\data\ibtmp1' size is now 12 MB.
2025-01-13 21:54:34 0 [Note] InnoDB: Waiting for purge to start
2025-01-13 21:54:34 0 [Note] InnoDB: 10.4.32 started; log sequence number 561021; transaction id 783
2025-01-13 21:54:34 0 [Note] Plugin 'FEEDBACK' is disabled.
2025-01-13 21:54:34 0 [Note] InnoDB: Loading buffer pool(s) from C:\xampp\mysql\data\ib_buffer_pool
2025-01-13 21:54:34 0 [Note] InnoDB: Buffer pool(s) load completed at 250113 21:54:34
2025-01-13 21:54:34 0 [Note] Server socket created on IP: '::'.
2025-01-14 14:59:47 0 [Note] Starting MariaDB 10.4.32-MariaDB source revision c4143f909528e3fab0677a28631d10389354c491 as process 18924
2025-01-14 14:59:47 0 [Note] InnoDB: Mutexes and rw_locks use Windows interlocked functions
2025-01-14 14:59:47 0 [Note] InnoDB: Uses event mutexes
2025-01-14 14:59:47 0 [Note] InnoDB: Compressed tables use zlib 1.3
2025-01-14 14:59:47 0 [Note] InnoDB: Number of pools: 1
2025-01-14 14:59:47 0 [Note] InnoDB: Using SSE2 crc32 instructions
2025-01-14 14:59:47 0 [Note] InnoDB: Initializing buffer pool, total size = 16M, instances = 1, chunk size = 16M
2025-01-14 14:59:47 0 [Note] InnoDB: Completed initialization of buffer pool
2025-01-14 14:59:47 0 [Note] InnoDB: Starting crash recovery from checkpoint LSN=561030
2025-01-14 14:59:47 0 [Note] InnoDB: 128 out of 128 rollback segments are active.
2025-01-14 14:59:47 0 [Note] InnoDB: Removed temporary tablespace data file: "ibtmp1"
2025-01-14 14:59:47 0 [Note] InnoDB: Creating shared tablespace for temporary tables
2025-01-14 14:59:47 0 [Note] InnoDB: Setting file 'C:\xampp\mysql\data\ibtmp1' size to 12 MB. Physically writing the file full; Please wait ...
2025-01-14 14:59:47 0 [Note] InnoDB: File 'C:\xampp\mysql\data\ibtmp1' size is now 12 MB.
2025-01-14 14:59:47 0 [Note] InnoDB: Waiting for purge to start
2025-01-14 14:59:47 0 [Note] InnoDB: 10.4.32 started; log sequence number 561039; transaction id 783
2025-01-14 14:59:47 0 [Note] Plugin 'FEEDBACK' is disabled.
2025-01-14 14:59:47 0 [Note] InnoDB: Loading buffer pool(s) from C:\xampp\mysql\data\ib_buffer_pool
2025-01-14 14:59:47 0 [Note] InnoDB: Buffer pool(s) load completed at 250114 14:59:47
2025-01-14 14:59:47 0 [Note] Server socket created on IP: '::'.
2025-01-14 15:02:06 0 [Note] Starting MariaDB 10.4.32-MariaDB source revision c4143f909528e3fab0677a28631d10389354c491 as process 23352
2025-01-14 15:02:06 0 [Note] InnoDB: Mutexes and rw_locks use Windows interlocked functions
2025-01-14 15:02:06 0 [Note] InnoDB: Uses event mutexes
2025-01-14 15:02:06 0 [Note] InnoDB: Compressed tables use zlib 1.3
2025-01-14 15:02:06 0 [Note] InnoDB: Number of pools: 1
2025-01-14 15:02:06 0 [Note] InnoDB: Using SSE2 crc32 instructions
2025-01-14 15:02:06 0 [Note] InnoDB: Initializing buffer pool, total size = 16M, instances = 1, chunk size = 16M
2025-01-14 15:02:06 0 [Note] InnoDB: Completed initialization of buffer pool
2025-01-14 15:02:06 0 [Note] InnoDB: Starting crash recovery from checkpoint LSN=561048
2025-01-14 15:02:06 0 [Note] InnoDB: 128 out of 128 rollback segments are active.
2025-01-14 15:02:06 0 [Note] InnoDB: Removed temporary tablespace data file: "ibtmp1"
2025-01-14 15:02:06 0 [Note] InnoDB: Creating shared tablespace for temporary tables
2025-01-14 15:02:06 0 [Note] InnoDB: Setting file 'C:\xampp\mysql\data\ibtmp1' size to 12 MB. Physically writing the file full; Please wait ...
2025-01-14 15:02:06 0 [Note] InnoDB: File 'C:\xampp\mysql\data\ibtmp1' size is now 12 MB.
2025-01-14 15:02:06 0 [Note] InnoDB: Waiting for purge to start
2025-01-14 15:02:06 0 [Note] InnoDB: 10.4.32 started; log sequence number 561057; transaction id 783
2025-01-14 15:02:06 0 [Note] InnoDB: Loading buffer pool(s) from C:\xampp\mysql\data\ib_buffer_pool
2025-01-14 15:02:06 0 [Note] Plugin 'FEEDBACK' is disabled.
2025-01-14 15:02:06 0 [Note] Server socket created on IP: '::'.
2025-01-17  9:44:16 0 [Note] Starting MariaDB 10.4.32-MariaDB source revision c4143f909528e3fab0677a28631d10389354c491 as process 8400
2025-01-17  9:44:16 0 [Note] InnoDB: Mutexes and rw_locks use Windows interlocked functions
2025-01-17  9:44:16 0 [Note] InnoDB: Uses event mutexes
2025-01-17  9:44:16 0 [Note] InnoDB: Compressed tables use zlib 1.3
2025-01-17  9:44:16 0 [Note] InnoDB: Number of pools: 1
2025-01-17  9:44:16 0 [Note] InnoDB: Using SSE2 crc32 instructions
2025-01-17  9:44:16 0 [Note] InnoDB: Initializing buffer pool, total size = 16M, instances = 1, chunk size = 16M
2025-01-17  9:44:16 0 [Note] InnoDB: Completed initialization of buffer pool
2025-01-17  9:44:16 0 [Note] InnoDB: Starting crash recovery from checkpoint LSN=567154
2025-01-17  9:44:16 0 [Note] InnoDB: 128 out of 128 rollback segments are active.
2025-01-17  9:44:16 0 [Note] InnoDB: Removed temporary tablespace data file: "ibtmp1"
2025-01-17  9:44:16 0 [Note] InnoDB: Creating shared tablespace for temporary tables
2025-01-17  9:44:16 0 [Note] InnoDB: Setting file 'C:\xampp\mysql\data\ibtmp1' size to 12 MB. Physically writing the file full; Please wait ...
2025-01-17  9:44:16 0 [Note] InnoDB: File 'C:\xampp\mysql\data\ibtmp1' size is now 12 MB.
2025-01-17  9:44:16 0 [Note] InnoDB: Waiting for purge to start
2025-01-17  9:44:16 0 [Note] InnoDB: 10.4.32 started; log sequence number 567163; transaction id 810
2025-01-17  9:44:16 0 [Note] InnoDB: Loading buffer pool(s) from C:\xampp\mysql\data\ib_buffer_pool
2025-01-17  9:44:16 0 [Note] Plugin 'FEEDBACK' is disabled.
2025-01-17  9:44:16 0 [Note] InnoDB: Buffer pool(s) load completed at 250117  9:44:16
2025-01-17  9:44:16 0 [Note] Server socket created on IP: '::'.
2025-01-20  9:25:22 0 [Note] Starting MariaDB 10.4.32-MariaDB source revision c4143f909528e3fab0677a28631d10389354c491 as process 25072
2025-01-20  9:25:22 0 [Note] InnoDB: Mutexes and rw_locks use Windows interlocked functions
2025-01-20  9:25:22 0 [Note] InnoDB: Uses event mutexes
2025-01-20  9:25:22 0 [Note] InnoDB: Compressed tables use zlib 1.3
2025-01-20  9:25:22 0 [Note] InnoDB: Number of pools: 1
2025-01-20  9:25:22 0 [Note] InnoDB: Using SSE2 crc32 instructions
2025-01-20  9:25:22 0 [Note] InnoDB: Initializing buffer pool, total size = 16M, instances = 1, chunk size = 16M
2025-01-20  9:25:22 0 [Note] InnoDB: Completed initialization of buffer pool
2025-01-20  9:25:22 0 [Note] InnoDB: Starting crash recovery from checkpoint LSN=567571
2025-01-20  9:25:23 0 [Note] InnoDB: 128 out of 128 rollback segments are active.
2025-01-20  9:25:23 0 [Note] InnoDB: Removed temporary tablespace data file: "ibtmp1"
2025-01-20  9:25:23 0 [Note] InnoDB: Creating shared tablespace for temporary tables
2025-01-20  9:25:23 0 [Note] InnoDB: Setting file 'C:\xampp\mysql\data\ibtmp1' size to 12 MB. Physically writing the file full; Please wait ...
2025-01-20  9:25:23 0 [Note] InnoDB: File 'C:\xampp\mysql\data\ibtmp1' size is now 12 MB.
2025-01-20  9:25:23 0 [Note] InnoDB: Waiting for purge to start
2025-01-20  9:25:23 0 [Note] InnoDB: 10.4.32 started; log sequence number 567580; transaction id 824
2025-01-20  9:25:23 0 [Note] Plugin 'FEEDBACK' is disabled.
2025-01-20  9:25:23 0 [Note] InnoDB: Loading buffer pool(s) from C:\xampp\mysql\data\ib_buffer_pool
2025-01-20  9:25:23 0 [Note] InnoDB: Buffer pool(s) load completed at 250120  9:25:23
2025-01-20  9:25:23 0 [Note] Server socket created on IP: '::'.
2025-01-20 12:30:21 0 [Note] Starting MariaDB 10.4.32-MariaDB source revision c4143f909528e3fab0677a28631d10389354c491 as process 21328
2025-01-20 12:30:21 0 [Note] InnoDB: Mutexes and rw_locks use Windows interlocked functions
2025-01-20 12:30:21 0 [Note] InnoDB: Uses event mutexes
2025-01-20 12:30:21 0 [Note] InnoDB: Compressed tables use zlib 1.3
2025-01-20 12:30:21 0 [Note] InnoDB: Number of pools: 1
2025-01-20 12:30:21 0 [Note] InnoDB: Using SSE2 crc32 instructions
2025-01-20 12:30:21 0 [Note] InnoDB: Initializing buffer pool, total size = 16M, instances = 1, chunk size = 16M
2025-01-20 12:30:21 0 [Note] InnoDB: Completed initialization of buffer pool
2025-01-20 12:30:21 0 [Note] InnoDB: Starting crash recovery from checkpoint LSN=567589
2025-01-20 12:30:21 0 [Note] InnoDB: 128 out of 128 rollback segments are active.
2025-01-20 12:30:21 0 [Note] InnoDB: Removed temporary tablespace data file: "ibtmp1"
2025-01-20 12:30:21 0 [Note] InnoDB: Creating shared tablespace for temporary tables
2025-01-20 12:30:21 0 [Note] InnoDB: Setting file 'C:\xampp\mysql\data\ibtmp1' size to 12 MB. Physically writing the file full; Please wait ...
2025-01-20 12:30:21 0 [Note] InnoDB: File 'C:\xampp\mysql\data\ibtmp1' size is now 12 MB.
2025-01-20 12:30:21 0 [Note] InnoDB: Waiting for purge to start
2025-01-20 12:30:21 0 [Note] InnoDB: 10.4.32 started; log sequence number 567598; transaction id 824
2025-01-20 12:30:21 0 [Note] InnoDB: Loading buffer pool(s) from C:\xampp\mysql\data\ib_buffer_pool
2025-01-20 12:30:21 0 [Note] Plugin 'FEEDBACK' is disabled.
2025-01-20 12:30:21 0 [Note] InnoDB: Buffer pool(s) load completed at 250120 12:30:21
2025-01-20 12:30:21 0 [Note] Server socket created on IP: '::'.
2025-01-20 12:30:39 0 [Note] Starting MariaDB 10.4.32-MariaDB source revision c4143f909528e3fab0677a28631d10389354c491 as process 33988
2025-01-20 12:30:39 0 [Note] InnoDB: Mutexes and rw_locks use Windows interlocked functions
2025-01-20 12:30:39 0 [Note] InnoDB: Uses event mutexes
2025-01-20 12:30:39 0 [Note] InnoDB: Compressed tables use zlib 1.3
2025-01-20 12:30:39 0 [Note] InnoDB: Number of pools: 1
2025-01-20 12:30:39 0 [Note] InnoDB: Using SSE2 crc32 instructions
2025-01-20 12:30:39 0 [Note] InnoDB: Initializing buffer pool, total size = 16M, instances = 1, chunk size = 16M
2025-01-20 12:30:39 0 [Note] InnoDB: Completed initialization of buffer pool
2025-01-20 12:30:39 0 [Note] InnoDB: Starting crash recovery from checkpoint LSN=567607
2025-01-20 12:30:39 0 [Note] InnoDB: 128 out of 128 rollback segments are active.
2025-01-20 12:30:39 0 [Note] InnoDB: Removed temporary tablespace data file: "ibtmp1"
2025-01-20 12:30:39 0 [Note] InnoDB: Creating shared tablespace for temporary tables
2025-01-20 12:30:39 0 [Note] InnoDB: Setting file 'C:\xampp\mysql\data\ibtmp1' size to 12 MB. Physically writing the file full; Please wait ...
2025-01-20 12:30:39 0 [Note] InnoDB: File 'C:\xampp\mysql\data\ibtmp1' size is now 12 MB.
2025-01-20 12:30:39 0 [Note] InnoDB: Waiting for purge to start
2025-01-20 12:30:39 0 [Note] InnoDB: 10.4.32 started; log sequence number 567616; transaction id 824
2025-01-20 12:30:39 0 [Note] InnoDB: Loading buffer pool(s) from C:\xampp\mysql\data\ib_buffer_pool
2025-01-20 12:30:39 0 [Note] Plugin 'FEEDBACK' is disabled.
2025-01-20 12:30:39 0 [Note] Server socket created on IP: '::'.
2025-01-20 12:30:39 0 [Note] InnoDB: Buffer pool(s) load completed at 250120 122025-01-26 21:32:06 0 [Note] Starting MariaDB 10.4.32-MariaDB source revision c4143f909528e3fab0677a28631d10389354c491 as process 6088
2025-01-26 21:32:06 0 [Note] InnoDB: Mutexes and rw_locks use Windows interlocked functions
2025-01-26 21:32:06 0 [Note] InnoDB: Uses event mutexes
2025-01-26 21:32:06 0 [Note] InnoDB: Compressed tables use zlib 1.3
2025-01-26 21:32:06 0 [Note] InnoDB: Number of pools: 1
2025-01-26 21:32:06 0 [Note] InnoDB: Using SSE2 crc32 instructions
2025-01-26 21:32:06 0 [Note] InnoDB: Initializing buffer pool, total size = 16M, instances = 1, chunk size = 16M
2025-01-26 21:32:06 0 [Note] InnoDB: Completed initialization of buffer pool
2025-01-26 21:32:06 0 [Note] InnoDB: Starting crash recovery from checkpoint LSN=567975
2025-01-26 21:32:06 0 [Note] InnoDB: 128 out of 128 rollback segments are active.
2025-01-26 21:32:06 0 [Note] InnoDB: Removed temporary tablespace data file: "ibtmp1"
2025-01-26 21:32:06 0 [Note] InnoDB: Creating shared tablespace for temporary tables
2025-01-26 21:32:06 0 [Note] InnoDB: Setting file 'C:\xampp\mysql\data\ibtmp1' size to 12 MB. Physically writing the file full; Please wait ...
2025-01-26 21:32:06 0 [Note] InnoDB: File 'C:\xampp\mysql\data\ibtmp1' size is now 12 MB.
2025-01-26 21:32:06 0 [Note] InnoDB: Waiting for purge to start
2025-01-26 21:32:06 0 [Note] InnoDB: 10.4.32 started; log sequence number 567984; transaction id 836
2025-01-26 21:32:06 0 [Note] InnoDB: Loading buffer pool(s) from C:\xampp\mysql\data\ib_buffer_pool
2025-01-26 21:32:06 0 [Note] Plugin 'FEEDBACK' is disabled.
2025-01-26 21:32:06 0 [Note] InnoDB: Buffer pool(s) load completed at 250126 21:32:06
2025-01-26 21:32:06 0 [Note] Server socket created on IP: '::'.
